<?xml version="1.0" encoding="UTF-8"?>
<!-- Generated by org.testng.reporters.JUnitReportReporter -->
<testsuite hostname="DESKTOP-N3RISF7" failures="0" tests="1" name="com.bit.demo.BaseTest" time="41.487" errors="0" timestamp="18 Mar 2021 03:36:54 GMT" skipped="0">
  <testcase classname="com.bit.demo.BaseTest" name="openbrowser" time="41.487"/>
</testsuite> <!-- com.bit.demo.BaseTest -->
